0 info it worked if it ends with ok
1 verbose cli [ '/usr/local/bin/node',
1 verbose cli   '/usr/local/bin/npm',
1 verbose cli   'run',
1 verbose cli   'e2e:watch' ]
2 info using npm@3.10.3
3 info using node@v6.5.0
4 verbose run-script [ 'pree2e:watch', 'e2e:watch', 'poste2e:watch' ]
5 info lifecycle starter@1.0.0~pree2e:watch: starter@1.0.0
6 silly lifecycle starter@1.0.0~pree2e:watch: no script for pree2e:watch, continuing
7 info lifecycle starter@1.0.0~e2e:watch: starter@1.0.0
8 verbose lifecycle starter@1.0.0~e2e:watch: unsafe-perm in lifecycle true
9 verbose lifecycle starter@1.0.0~e2e:watch: PATH: /usr/local/lib/node_modules/npm/bin/node-gyp-bin:/Users/frankiewong/Documents/college/2016Fall/comp431/inclass-14/mocking/node_modules/.bin:/usr/local/bin:/Library/Java/JavaVirtualMachines/jdk1.8.0_102.jdk/Contents/Home/bin:/usr/local/bin:/usr/bin:/bin:/usr/sbin:/sbin:/opt/X11/bin:/Users/frankiewong/Documents/dev/apache-maven-3.3.9/bin:/Library/Java/JavaVirtualMachines/jdk1.8.0_102.jdk/Contents/Home/bin:/usr/local/bin:/usr/bin:/bin:/usr/sbin:/sbin:/opt/X11/bin
10 verbose lifecycle starter@1.0.0~e2e:watch: CWD: /Users/frankiewong/Documents/college/2016Fall/comp431/inclass-14/mocking
11 silly lifecycle starter@1.0.0~e2e:watch: Args: [ '-c', 'npm run e2e:base -- --reporter spec -w' ]
12 silly lifecycle starter@1.0.0~e2e:watch: Returned: code: 1  signal: null
13 info lifecycle starter@1.0.0~e2e:watch: Failed to exec e2e:watch script
14 verbose stack Error: starter@1.0.0 e2e:watch: `npm run e2e:base -- --reporter spec -w`
14 verbose stack Exit status 1
14 verbose stack     at EventEmitter.<anonymous> (/usr/local/lib/node_modules/npm/lib/utils/lifecycle.js:242:16)
14 verbose stack     at emitTwo (events.js:106:13)
14 verbose stack     at EventEmitter.emit (events.js:191:7)
14 verbose stack     at ChildProcess.<anonymous> (/usr/local/lib/node_modules/npm/lib/utils/spawn.js:40:14)
14 verbose stack     at emitTwo (events.js:106:13)
14 verbose stack     at ChildProcess.emit (events.js:191:7)
14 verbose stack     at maybeClose (internal/child_process.js:877:16)
14 verbose stack     at Process.ChildProcess._handle.onexit (internal/child_process.js:226:5)
15 verbose pkgid starter@1.0.0
16 verbose cwd /Users/frankiewong/Documents/college/2016Fall/comp431/inclass-14/mocking
17 error Darwin 15.6.0
18 error argv "/usr/local/bin/node" "/usr/local/bin/npm" "run" "e2e:watch"
19 error node v6.5.0
20 error npm  v3.10.3
21 error code ELIFECYCLE
22 error starter@1.0.0 e2e:watch: `npm run e2e:base -- --reporter spec -w`
22 error Exit status 1
23 error Failed at the starter@1.0.0 e2e:watch script 'npm run e2e:base -- --reporter spec -w'.
23 error Make sure you have the latest version of node.js and npm installed.
23 error If you do, this is most likely a problem with the starter package,
23 error not with npm itself.
23 error Tell the author that this fails on your system:
23 error     npm run e2e:base -- --reporter spec -w
23 error You can get information on how to open an issue for this project with:
23 error     npm bugs starter
23 error Or if that isn't available, you can get their info via:
23 error     npm owner ls starter
23 error There is likely additional logging output above.
24 verbose exit [ 1, true ]
